{"total": {"lines":{"total":138,"covered":92,"skipped":0,"pct":66.67},"statements":{"total":152,"covered":98,"skipped":0,"pct":64.47},"functions":{"total":41,"covered":26,"skipped":0,"pct":63.41},"branches":{"total":69,"covered":40,"skipped":0,"pct":57.97}}
,"/Users/Thomas/Github/redux-sands/source/index.js": {"lines":{"total":121,"covered":75,"skipped":0,"pct":61.98},"functions":{"total":36,"covered":21,"skipped":0,"pct":58.33},"statements":{"total":135,"covered":81,"skipped":0,"pct":60},"branches":{"total":69,"covered":40,"skipped":0,"pct":57.97}}
,"/Users/Thomas/Github/redux-sands/test/runtime/App/component.js": {"lines":{"total":1,"covered":1,"skipped":0,"pct":100},"functions":{"total":1,"covered":1,"skipped":0,"pct":100},"statements":{"total":1,"covered":1,"skipped":0,"pct":100},"branches":{"total":0,"covered":0,"skipped":0,"pct":100}}
,"/Users/Thomas/Github/redux-sands/test/runtime/App/global-reducers.js": {"lines":{"total":0,"covered":0,"skipped":0,"pct":100},"functions":{"total":0,"covered":0,"skipped":0,"pct":100},"statements":{"total":0,"covered":0,"skipped":0,"pct":100},"branches":{"total":0,"covered":0,"skipped":0,"pct":100}}
,"/Users/Thomas/Github/redux-sands/test/runtime/App/global-sagas.js": {"lines":{"total":1,"covered":1,"skipped":0,"pct":100},"functions":{"total":1,"covered":1,"skipped":0,"pct":100},"statements":{"total":1,"covered":1,"skipped":0,"pct":100},"branches":{"total":0,"covered":0,"skipped":0,"pct":100}}
,"/Users/Thomas/Github/redux-sands/test/runtime/App/index.js": {"lines":{"total":6,"covered":6,"skipped":0,"pct":100},"functions":{"total":1,"covered":1,"skipped":0,"pct":100},"statements":{"total":6,"covered":6,"skipped":0,"pct":100},"branches":{"total":0,"covered":0,"skipped":0,"pct":100}}
,"/Users/Thomas/Github/redux-sands/test/runtime/Home/component.js": {"lines":{"total":1,"covered":1,"skipped":0,"pct":100},"functions":{"total":1,"covered":1,"skipped":0,"pct":100},"statements":{"total":1,"covered":1,"skipped":0,"pct":100},"branches":{"total":0,"covered":0,"skipped":0,"pct":100}}
,"/Users/Thomas/Github/redux-sands/test/runtime/Home/index.js": {"lines":{"total":3,"covered":3,"skipped":0,"pct":100},"functions":{"total":0,"covered":0,"skipped":0,"pct":100},"statements":{"total":3,"covered":3,"skipped":0,"pct":100},"branches":{"total":0,"covered":0,"skipped":0,"pct":100}}
,"/Users/Thomas/Github/redux-sands/test/runtime/Settings/component.js": {"lines":{"total":1,"covered":1,"skipped":0,"pct":100},"functions":{"total":1,"covered":1,"skipped":0,"pct":100},"statements":{"total":1,"covered":1,"skipped":0,"pct":100},"branches":{"total":0,"covered":0,"skipped":0,"pct":100}}
,"/Users/Thomas/Github/redux-sands/test/runtime/Settings/index.js": {"lines":{"total":4,"covered":4,"skipped":0,"pct":100},"functions":{"total":0,"covered":0,"skipped":0,"pct":100},"statements":{"total":4,"covered":4,"skipped":0,"pct":100},"branches":{"total":0,"covered":0,"skipped":0,"pct":100}}
}
