{"total": {"lines":{"total":161,"covered":116,"skipped":0,"pct":72.05},"statements":{"total":174,"covered":124,"skipped":0,"pct":71.26},"functions":{"total":45,"covered":29,"skipped":0,"pct":64.44},"branches":{"total":80,"covered":50,"skipped":0,"pct":62.5}}
,"/Users/Thomas/Github/redux-sands/source/index.js": {"lines":{"total":139,"covered":98,"skipped":0,"pct":70.5},"functions":{"total":38,"covered":24,"skipped":0,"pct":63.16},"statements":{"total":152,"covered":106,"skipped":0,"pct":69.74},"branches":{"total":80,"covered":50,"skipped":0,"pct":62.5}}
,"/Users/Thomas/Github/redux-sands/test/runtime/App/component.js": {"lines":{"total":1,"covered":1,"skipped":0,"pct":100},"functions":{"total":1,"covered":1,"skipped":0,"pct":100},"statements":{"total":1,"covered":1,"skipped":0,"pct":100},"branches":{"total":0,"covered":0,"skipped":0,"pct":100}}
,"/Users/Thomas/Github/redux-sands/test/runtime/App/global-reducers.js": {"lines":{"total":0,"covered":0,"skipped":0,"pct":100},"functions":{"total":0,"covered":0,"skipped":0,"pct":100},"statements":{"total":0,"covered":0,"skipped":0,"pct":100},"branches":{"total":0,"covered":0,"skipped":0,"pct":100}}
,"/Users/Thomas/Github/redux-sands/test/runtime/App/global-sagas.js": {"lines":{"total":1,"covered":1,"skipped":0,"pct":100},"functions":{"total":1,"covered":1,"skipped":0,"pct":100},"statements":{"total":1,"covered":1,"skipped":0,"pct":100},"branches":{"total":0,"covered":0,"skipped":0,"pct":100}}
,"/Users/Thomas/Github/redux-sands/test/runtime/App/index.js": {"lines":{"total":6,"covered":6,"skipped":0,"pct":100},"functions":{"total":1,"covered":1,"skipped":0,"pct":100},"statements":{"total":6,"covered":6,"skipped":0,"pct":100},"branches":{"total":0,"covered":0,"skipped":0,"pct":100}}
,"/Users/Thomas/Github/redux-sands/test/runtime/Home/component.js": {"lines":{"total":1,"covered":1,"skipped":0,"pct":100},"functions":{"total":1,"covered":1,"skipped":0,"pct":100},"statements":{"total":1,"covered":1,"skipped":0,"pct":100},"branches":{"total":0,"covered":0,"skipped":0,"pct":100}}
,"/Users/Thomas/Github/redux-sands/test/runtime/Home/index.js": {"lines":{"total":8,"covered":4,"skipped":0,"pct":50},"functions":{"total":2,"covered":0,"skipped":0,"pct":0},"statements":{"total":8,"covered":4,"skipped":0,"pct":50},"branches":{"total":0,"covered":0,"skipped":0,"pct":100}}
,"/Users/Thomas/Github/redux-sands/test/runtime/Settings/component.js": {"lines":{"total":1,"covered":1,"skipped":0,"pct":100},"functions":{"total":1,"covered":1,"skipped":0,"pct":100},"statements":{"total":1,"covered":1,"skipped":0,"pct":100},"branches":{"total":0,"covered":0,"skipped":0,"pct":100}}
,"/Users/Thomas/Github/redux-sands/test/runtime/Settings/index.js": {"lines":{"total":4,"covered":4,"skipped":0,"pct":100},"functions":{"total":0,"covered":0,"skipped":0,"pct":100},"statements":{"total":4,"covered":4,"skipped":0,"pct":100},"branches":{"total":0,"covered":0,"skipped":0,"pct":100}}
}
