TN:
SF:/Users/Thomas/Github/redux-sands/source/index.js
FN:21,(anonymous_0)
FN:36,(anonymous_1)
FN:45,(anonymous_2)
FN:59,(anonymous_3)
FN:72,(anonymous_4)
FN:76,(anonymous_5)
FN:93,(anonymous_6)
FN:100,(anonymous_7)
FN:105,(anonymous_8)
FN:111,(anonymous_9)
FN:112,(anonymous_10)
FN:119,(anonymous_11)
FN:126,(anonymous_12)
FN:134,(anonymous_13)
FN:153,(anonymous_14)
FN:158,(anonymous_15)
FN:164,(anonymous_16)
FN:174,(anonymous_17)
FN:187,(anonymous_18)
FN:200,(anonymous_19)
FN:210,(anonymous_20)
FN:217,(anonymous_21)
FN:220,(anonymous_22)
FN:229,(anonymous_23)
FN:239,(anonymous_24)
FN:245,(anonymous_25)
FN:246,(anonymous_26)
FN:269,(anonymous_27)
FN:272,(anonymous_28)
FN:276,(anonymous_29)
FN:281,(anonymous_30)
FN:295,(anonymous_31)
FN:310,(anonymous_32)
FN:333,(anonymous_33)
FN:337,(anonymous_34)
FN:352,(anonymous_35)
FNF:36
FNH:21
FNDA:5,(anonymous_0)
FNDA:3,(anonymous_1)
FNDA:1,(anonymous_2)
FNDA:1,(anonymous_3)
FNDA:2,(anonymous_4)
FNDA:8,(anonymous_5)
FNDA:1,(anonymous_6)
FNDA:2,(anonymous_7)
FNDA:0,(anonymous_8)
FNDA:0,(anonymous_9)
FNDA:0,(anonymous_10)
FNDA:0,(anonymous_11)
FNDA:3,(anonymous_12)
FNDA:6,(anonymous_13)
FNDA:1,(anonymous_14)
FNDA:2,(anonymous_15)
FNDA:0,(anonymous_16)
FNDA:0,(anonymous_17)
FNDA:5,(anonymous_18)
FNDA:0,(anonymous_19)
FNDA:0,(anonymous_20)
FNDA:0,(anonymous_21)
FNDA:0,(anonymous_22)
FNDA:0,(anonymous_23)
FNDA:0,(anonymous_24)
FNDA:0,(anonymous_25)
FNDA:0,(anonymous_26)
FNDA:1,(anonymous_27)
FNDA:1,(anonymous_28)
FNDA:2,(anonymous_29)
FNDA:2,(anonymous_30)
FNDA:1,(anonymous_31)
FNDA:0,(anonymous_32)
FNDA:1,(anonymous_33)
FNDA:2,(anonymous_34)
FNDA:6,(anonymous_35)
DA:22,5
DA:23,1
DA:26,4
DA:27,4
DA:28,4
DA:29,4
DA:30,4
DA:31,4
DA:33,4
DA:37,3
DA:38,3
DA:45,3
DA:46,1
DA:47,0
DA:50,1
DA:51,1
DA:59,1
DA:60,1
DA:61,0
DA:62,0
DA:66,0
DA:69,3
DA:73,2
DA:77,8
DA:81,8
DA:82,5
DA:83,2
DA:84,2
DA:88,2
DA:90,8
DA:94,1
DA:95,1
DA:97,1
DA:101,2
DA:102,2
DA:105,2
DA:106,0
DA:111,2
DA:112,0
DA:113,0
DA:114,0
DA:119,0
DA:123,2
DA:127,3
DA:140,6
DA:141,0
DA:143,6
DA:154,1
DA:157,1
DA:158,2
DA:160,1
DA:164,0
DA:165,0
DA:169,0
DA:171,0
DA:174,0
DA:175,0
DA:180,0
DA:188,5
DA:189,5
DA:190,5
DA:191,5
DA:192,5
DA:193,5
DA:194,5
DA:195,5
DA:196,5
DA:197,5
DA:201,0
DA:202,0
DA:207,0
DA:209,0
DA:211,0
DA:218,0
DA:220,0
DA:221,0
DA:229,0
DA:230,0
DA:231,0
DA:238,0
DA:240,0
DA:241,0
DA:242,0
DA:244,0
DA:245,0
DA:246,0
DA:253,0
DA:270,1
DA:271,1
DA:272,1
DA:277,2
DA:278,2
DA:282,2
DA:283,2
DA:284,2
DA:288,2
DA:298,1
DA:299,1
DA:300,0
DA:302,0
DA:304,0
DA:311,0
DA:312,0
DA:313,0
DA:314,0
DA:318,0
DA:326,0
DA:330,0
DA:334,1
DA:338,2
DA:343,2
DA:344,1
DA:349,2
DA:353,6
DA:354,6
DA:355,5
DA:356,4
DA:357,3
DA:358,1
DA:363,1
DA:365,2
LF:121
LH:75
BRDA:22,0,0,1
BRDA:22,0,1,4
BRDA:22,1,0,5
BRDA:22,1,1,4
BRDA:27,2,0,4
BRDA:27,2,1,4
BRDA:46,3,0,0
BRDA:46,3,1,1
BRDA:50,4,0,1
BRDA:50,4,1,0
BRDA:60,5,0,1
BRDA:60,5,1,0
BRDA:61,6,0,0
BRDA:61,6,1,0
BRDA:81,7,0,3
BRDA:81,7,1,5
BRDA:82,8,0,3
BRDA:82,8,1,2
BRDA:83,9,0,0
BRDA:83,9,1,2
BRDA:84,10,0,0
BRDA:84,10,1,2
BRDA:94,11,0,0
BRDA:94,11,1,1
BRDA:95,12,0,1
BRDA:95,12,1,0
BRDA:134,13,0,6
BRDA:140,14,0,0
BRDA:140,14,1,6
BRDA:140,15,0,6
BRDA:140,15,1,0
BRDA:157,16,0,1
BRDA:157,16,1,0
BRDA:157,17,0,1
BRDA:157,17,1,1
BRDA:174,18,0,0
BRDA:174,18,1,0
BRDA:207,19,0,0
BRDA:207,19,1,0
BRDA:211,20,0,0
BRDA:211,20,1,0
BRDA:245,21,0,0
BRDA:245,21,1,0
BRDA:253,22,0,0
BRDA:253,22,1,0
BRDA:277,23,0,0
BRDA:277,23,1,2
BRDA:281,24,0,0
BRDA:284,25,0,0
BRDA:284,25,1,2
BRDA:290,26,0,2
BRDA:290,26,1,0
BRDA:300,27,0,0
BRDA:300,27,1,0
BRDA:337,28,0,1
BRDA:343,29,0,1
BRDA:343,29,1,1
BRDA:354,30,0,1
BRDA:354,30,1,5
BRDA:355,31,0,4
BRDA:355,31,1,1
BRDA:356,32,0,3
BRDA:356,32,1,1
BRDA:356,33,0,4
BRDA:356,33,1,2
BRDA:360,34,0,1
BRDA:360,34,1,0
BRDA:361,35,0,1
BRDA:361,35,1,1
BRF:69
BRH:40
end_of_record
TN:
SF:/Users/Thomas/Github/redux-sands/test/runtime/App/component.js
FN:6,(anonymous_0)
FNF:1
FNH:1
FNDA:1,(anonymous_0)
DA:7,1
LF:1
LH:1
BRF:0
BRH:0
end_of_record
TN:
SF:/Users/Thomas/Github/redux-sands/test/runtime/App/global-reducers.js
FNF:0
FNH:0
LF:0
LH:0
BRF:0
BRH:0
end_of_record
TN:
SF:/Users/Thomas/Github/redux-sands/test/runtime/App/global-sagas.js
FN:10,(anonymous_0)
FNF:1
FNH:1
FNDA:1,(anonymous_0)
DA:11,1
LF:1
LH:1
BRF:0
BRH:0
end_of_record
TN:
SF:/Users/Thomas/Github/redux-sands/test/runtime/App/index.js
FN:23,(anonymous_0)
FNF:1
FNH:1
FNDA:1,(anonymous_0)
DA:15,1
DA:23,1
DA:24,1
DA:25,1
DA:27,1
DA:29,1
LF:6
LH:6
BRF:0
BRH:0
end_of_record
TN:
SF:/Users/Thomas/Github/redux-sands/test/runtime/Home/component.js
FN:10,(anonymous_0)
FNF:1
FNH:1
FNDA:1,(anonymous_0)
DA:11,1
LF:1
LH:1
BRF:0
BRH:0
end_of_record
TN:
SF:/Users/Thomas/Github/redux-sands/test/runtime/Home/index.js
FNF:0
FNH:0
DA:4,1
DA:5,1
DA:14,1
LF:3
LH:3
BRF:0
BRH:0
end_of_record
TN:
SF:/Users/Thomas/Github/redux-sands/test/runtime/Settings/component.js
FN:10,(anonymous_0)
FNF:1
FNH:1
FNDA:1,(anonymous_0)
DA:11,1
LF:1
LH:1
BRF:0
BRH:0
end_of_record
TN:
SF:/Users/Thomas/Github/redux-sands/test/runtime/Settings/index.js
FNF:0
FNH:0
DA:4,1
DA:5,1
DA:21,1
DA:22,1
LF:4
LH:4
BRF:0
BRH:0
end_of_record
