TN:
SF:/Users/Thomas/Github/redux-sands/source/index.js
FN:21,(anonymous_0)
FN:36,(anonymous_1)
FN:40,(anonymous_2)
FN:54,(anonymous_3)
FN:73,(anonymous_4)
FN:77,(anonymous_5)
FN:95,(anonymous_6)
FN:102,(anonymous_7)
FN:107,(anonymous_8)
FN:116,(anonymous_9)
FN:117,(anonymous_10)
FN:124,(anonymous_11)
FN:132,(anonymous_12)
FN:140,(anonymous_13)
FN:157,(anonymous_14)
FN:163,(anonymous_15)
FN:170,(anonymous_16)
FN:180,(anonymous_17)
FN:195,(anonymous_18)
FN:208,(anonymous_19)
FN:218,(anonymous_20)
FN:225,(anonymous_21)
FN:229,(anonymous_22)
FN:238,(anonymous_23)
FN:252,(anonymous_24)
FN:258,(anonymous_25)
FN:259,(anonymous_26)
FN:276,(anonymous_27)
FN:279,(anonymous_28)
FN:287,(anonymous_29)
FN:296,(anonymous_30)
FN:309,(anonymous_31)
FN:329,(anonymous_32)
FN:357,(anonymous_33)
FN:361,(anonymous_34)
FN:376,(anonymous_35)
FNF:36
FNH:18
FNDA:3,(anonymous_0)
FNDA:2,(anonymous_1)
FNDA:1,(anonymous_2)
FNDA:1,(anonymous_3)
FNDA:2,(anonymous_4)
FNDA:7,(anonymous_5)
FNDA:1,(anonymous_6)
FNDA:2,(anonymous_7)
FNDA:0,(anonymous_8)
FNDA:0,(anonymous_9)
FNDA:0,(anonymous_10)
FNDA:0,(anonymous_11)
FNDA:2,(anonymous_12)
FNDA:6,(anonymous_13)
FNDA:1,(anonymous_14)
FNDA:1,(anonymous_15)
FNDA:0,(anonymous_16)
FNDA:0,(anonymous_17)
FNDA:3,(anonymous_18)
FNDA:0,(anonymous_19)
FNDA:0,(anonymous_20)
FNDA:0,(anonymous_21)
FNDA:0,(anonymous_22)
FNDA:0,(anonymous_23)
FNDA:0,(anonymous_24)
FNDA:0,(anonymous_25)
FNDA:0,(anonymous_26)
FNDA:1,(anonymous_27)
FNDA:1,(anonymous_28)
FNDA:2,(anonymous_29)
FNDA:2,(anonymous_30)
FNDA:0,(anonymous_31)
FNDA:0,(anonymous_32)
FNDA:2,(anonymous_33)
FNDA:0,(anonymous_34)
FNDA:0,(anonymous_35)
DA:22,3
DA:23,0
DA:26,3
DA:27,3
DA:28,3
DA:29,3
DA:30,3
DA:31,3
DA:33,3
DA:37,2
DA:38,2
DA:40,2
DA:41,1
DA:42,0
DA:45,1
DA:46,1
DA:54,1
DA:55,1
DA:56,1
DA:57,0
DA:58,0
DA:59,0
DA:65,0
DA:70,2
DA:74,2
DA:78,7
DA:82,7
DA:83,4
DA:84,2
DA:85,2
DA:86,0
DA:90,2
DA:92,7
DA:96,1
DA:97,1
DA:99,1
DA:103,2
DA:104,2
DA:107,2
DA:108,0
DA:116,2
DA:117,0
DA:118,0
DA:119,0
DA:124,0
DA:125,0
DA:129,2
DA:133,2
DA:141,6
DA:145,0
DA:147,6
DA:158,1
DA:161,1
DA:162,1
DA:163,1
DA:166,1
DA:170,0
DA:171,0
DA:175,0
DA:177,0
DA:180,0
DA:181,0
DA:188,0
DA:196,3
DA:197,3
DA:198,3
DA:199,3
DA:200,3
DA:201,3
DA:202,3
DA:203,3
DA:204,3
DA:205,3
DA:209,0
DA:210,0
DA:215,0
DA:217,0
DA:219,0
DA:226,0
DA:227,0
DA:229,0
DA:230,0
DA:238,0
DA:243,0
DA:244,0
DA:251,0
DA:253,0
DA:254,0
DA:255,0
DA:257,0
DA:258,0
DA:259,0
DA:261,0
DA:277,1
DA:278,1
DA:280,1
DA:288,2
DA:290,2
DA:297,2
DA:298,2
DA:299,2
DA:302,2
DA:312,0
DA:313,0
DA:314,0
DA:316,0
DA:323,0
DA:330,0
DA:331,0
DA:332,0
DA:333,0
DA:337,0
DA:345,0
DA:351,0
DA:358,2
DA:362,0
DA:367,0
DA:368,0
DA:373,0
DA:377,0
DA:378,0
DA:379,0
DA:380,0
DA:381,0
DA:382,0
DA:383,0
DA:388,0
DA:390,0
LF:128
LH:62
BRDA:22,0,0,0
BRDA:22,0,1,3
BRDA:27,1,0,3
BRDA:27,1,1,3
BRDA:41,2,0,0
BRDA:41,2,1,1
BRDA:45,3,0,1
BRDA:45,3,1,0
BRDA:55,4,0,1
BRDA:55,4,1,0
BRDA:57,5,0,0
BRDA:57,5,1,0
BRDA:82,6,0,3
BRDA:82,6,1,4
BRDA:83,7,0,2
BRDA:83,7,1,2
BRDA:84,8,0,0
BRDA:84,8,1,2
BRDA:85,9,0,0
BRDA:85,9,1,2
BRDA:96,10,0,0
BRDA:96,10,1,1
BRDA:97,11,0,1
BRDA:97,11,1,0
BRDA:140,12,0,6
BRDA:141,13,0,0
BRDA:141,13,1,6
BRDA:142,14,0,6
BRDA:142,14,1,0
BRDA:161,15,0,1
BRDA:161,15,1,0
BRDA:161,16,0,1
BRDA:161,16,1,1
BRDA:180,17,0,0
BRDA:180,17,1,0
BRDA:215,18,0,0
BRDA:215,18,1,0
BRDA:219,19,0,0
BRDA:219,19,1,0
BRDA:258,20,0,0
BRDA:258,20,1,0
BRDA:261,21,0,0
BRDA:261,21,1,0
BRDA:288,22,0,0
BRDA:288,22,1,2
BRDA:296,23,0,0
BRDA:304,24,0,2
BRDA:304,24,1,0
BRDA:314,25,0,0
BRDA:314,25,1,0
BRDA:361,26,0,0
BRDA:367,27,0,0
BRDA:367,27,1,0
BRDA:378,28,0,0
BRDA:378,28,1,0
BRDA:380,29,0,0
BRDA:380,29,1,0
BRDA:381,30,0,0
BRDA:381,30,1,0
BRDA:385,31,0,0
BRDA:385,31,1,0
BRDA:386,32,0,0
BRDA:386,32,1,0
BRF:63
BRH:22
end_of_record
TN:
SF:/Users/Thomas/Github/redux-sands/test/runtime/App/component.js
FN:6,(anonymous_0)
FNF:1
FNH:1
FNDA:1,(anonymous_0)
DA:7,1
LF:1
LH:1
BRF:0
BRH:0
end_of_record
TN:
SF:/Users/Thomas/Github/redux-sands/test/runtime/App/global-reducers.js
FNF:0
FNH:0
LF:0
LH:0
BRF:0
BRH:0
end_of_record
TN:
SF:/Users/Thomas/Github/redux-sands/test/runtime/App/global-sagas.js
FN:10,(anonymous_0)
FNF:1
FNH:1
FNDA:1,(anonymous_0)
DA:11,1
LF:1
LH:1
BRF:0
BRH:0
end_of_record
TN:
SF:/Users/Thomas/Github/redux-sands/test/runtime/App/index.js
FN:23,(anonymous_0)
FNF:1
FNH:1
FNDA:1,(anonymous_0)
DA:15,1
DA:23,1
DA:24,1
DA:25,1
DA:27,1
DA:29,1
LF:6
LH:6
BRF:0
BRH:0
end_of_record
TN:
SF:/Users/Thomas/Github/redux-sands/test/runtime/Home/component.js
FN:10,(anonymous_0)
FNF:1
FNH:1
FNDA:1,(anonymous_0)
DA:11,1
LF:1
LH:1
BRF:0
BRH:0
end_of_record
TN:
SF:/Users/Thomas/Github/redux-sands/test/runtime/Home/index.js
FNF:0
FNH:0
DA:4,1
DA:5,1
DA:14,1
LF:3
LH:3
BRF:0
BRH:0
end_of_record
TN:
SF:/Users/Thomas/Github/redux-sands/test/runtime/Settings/component.js
FN:10,(anonymous_0)
FNF:1
FNH:1
FNDA:1,(anonymous_0)
DA:11,1
LF:1
LH:1
BRF:0
BRH:0
end_of_record
TN:
SF:/Users/Thomas/Github/redux-sands/test/runtime/Settings/index.js
FNF:0
FNH:0
DA:4,1
DA:5,1
DA:21,1
DA:22,1
LF:4
LH:4
BRF:0
BRH:0
end_of_record
